Arguments: 
  C:\Program Files\nodejs\node.exe C:\Users\oscar\.node\corepack\yarn\1.22.11\bin\yarn.js add socke.io-client

PATH: 
  C:\Program Files\Common Files\Oracle\Java\javapath;C:\Windows\system32;C:\Windows;C:\Windows\System32\Wbem;C:\Windows\System32\WindowsPowerShell\v1.0\;C:\Windows\System32\OpenSSH\;C:\Program Files\Git\cmd;C:\Users\oscar\AppData\Roaming\nvm;C:\Program Files\nodejs;C:\Program Files\nodejs\;C:\Program Files\MySQL\MySQL Shell 8.0\bin\;C:\Users\oscar\AppData\Local\Microsoft\WindowsApps;C:\Users\oscar\AppData\Local\Programs\Microsoft VS Code\bin;C:\Program Files\heroku\bin;C:\Users\oscar\AppData\Roaming\nvm;C:\Program Files\nodejs;C:\Users\oscar\AppData\Roaming\npm;C:\Users\oscar\mongodb\bin;

Yarn version: 
  1.22.11

Node version: 
  16.10.0

Platform: 
  win32 x64

Trace: 
  Error: https://registry.npmjs.org/socke.io-client: Not found
      at Request.params.callback [as _callback] (C:\Users\oscar\.node\corepack\yarn\1.22.11\lib\cli.js:66992:18)
      at Request.self.callback (C:\Users\oscar\.node\corepack\yarn\1.22.11\lib\cli.js:140763:22)
      at Request.emit (node:events:390:28)
      at Request.<anonymous> (C:\Users\oscar\.node\corepack\yarn\1.22.11\lib\cli.js:141735:10)
      at Request.emit (node:events:390:28)
      at IncomingMessage.<anonymous> (C:\Users\oscar\.node\corepack\yarn\1.22.11\lib\cli.js:141657:12)
      at Object.onceWrapper (node:events:509:28)
      at IncomingMessage.emit (node:events:402:35)
      at endReadableNT (node:internal/streams/readable:1343:12)
      at processTicksAndRejections (node:internal/process/task_queues:83:21)

npm manifest: 
  No manifest

yarn manifest: 
  No manifest

Lockfile: 
  No lockfile
